{"C:\\Users\\zBook\\Portfy-project-team\\backend\\src\\index.ts": {"path":"C:\\Users\\zBook\\Portfy-project-team\\backend\\src\\index.ts","statementMap":{"0":{"start":{"line":1,"column":0},"end":{"line":1,"column":23}},"1":{"start":{"line":2,"column":0},"end":{"line":2,"column":30}},"2":{"start":{"line":3,"column":0},"end":{"line":3,"column":28}},"3":{"start":{"line":4,"column":0},"end":{"line":4,"column":24}},"4":{"start":{"line":5,"column":0},"end":{"line":5,"column":41}},"5":{"start":{"line":6,"column":0},"end":{"line":6,"column":43}},"6":{"start":{"line":7,"column":0},"end":{"line":7,"column":55}},"7":{"start":{"line":9,"column":12},"end":{"line":9,"column":21}},"8":{"start":{"line":11,"column":21},"end":{"line":11,"column":58}},"9":{"start":{"line":12,"column":15},"end":{"line":12,"column":46}},"10":{"start":{"line":13,"column":13},"end":{"line":13,"column":38}},"11":{"start":{"line":18,"column":0},"end":{"line":18,"column":26}},"12":{"start":{"line":21,"column":0},"end":{"line":32,"column":4}},"13":{"start":{"line":35,"column":23},"end":{"line":35,"column":74}},"14":{"start":{"line":36,"column":0},"end":{"line":41,"column":4}},"15":{"start":{"line":44,"column":0},"end":{"line":44,"column":41}},"16":{"start":{"line":45,"column":0},"end":{"line":45,"column":63}},"17":{"start":{"line":46,"column":0},"end":{"line":46,"column":24}},"18":{"start":{"line":49,"column":22},"end":{"line":55,"column":2}},"19":{"start":{"line":58,"column":0},"end":{"line":60,"column":1}},"20":{"start":{"line":59,"column":2},"end":{"line":59,"column":25}},"21":{"start":{"line":62,"column":0},"end":{"line":62,"column":33}},"22":{"start":{"line":65,"column":0},"end":{"line":71,"column":3}},"23":{"start":{"line":66,"column":2},"end":{"line":70,"column":5}},"24":{"start":{"line":74,"column":0},"end":{"line":76,"column":3}},"25":{"start":{"line":75,"column":2},"end":{"line":75,"column":61}},"26":{"start":{"line":78,"column":0},"end":{"line":78,"column":19}}},"fnMap":{"0":{"name":"(anonymous_1)","decl":{"start":{"line":65,"column":19},"end":{"line":65,"column":20}},"loc":{"start":{"line":65,"column":32},"end":{"line":71,"column":1}}},"1":{"name":"(anonymous_2)","decl":{"start":{"line":74,"column":8},"end":{"line":74,"column":9}},"loc":{"start":{"line":74,"column":21},"end":{"line":76,"column":1}}}},"branchMap":{"0":{"loc":{"start":{"line":35,"column":23},"end":{"line":35,"column":74}},"type":"binary-expr","locations":[{"start":{"line":35,"column":23},"end":{"line":35,"column":47}},{"start":{"line":35,"column":51},"end":{"line":35,"column":74}}]},"1":{"loc":{"start":{"line":58,"column":0},"end":{"line":60,"column":1}},"type":"if","locations":[{"start":{"line":58,"column":0},"end":{"line":60,"column":1}},{"start":{},"end":{}}]},"2":{"loc":{"start":{"line":58,"column":4},"end":{"line":58,"column":20}},"type":"binary-expr","locations":[{"start":{"line":58,"column":4},"end":{"line":58,"column":11}},{"start":{"line":58,"column":15},"end":{"line":58,"column":20}}]},"3":{"loc":{"start":{"line":68,"column":9},"end":{"line":68,"column":46}},"type":"binary-expr","locations":[{"start":{"line":68,"column":9},"end":{"line":68,"column":29}},{"start":{"line":68,"column":33},"end":{"line":68,"column":46}}]}},"s":{"0":9,"1":9,"2":9,"3":9,"4":9,"5":9,"6":9,"7":9,"8":9,"9":9,"10":9,"11":9,"12":9,"13":9,"14":9,"15":9,"16":9,"17":9,"18":9,"19":9,"20":0,"21":9,"22":9,"23":0,"24":9,"25":0,"26":9},"f":{"0":0,"1":0},"b":{"0":[9,9],"1":[0,9],"2":[9,0],"3":[0,0]}}
,"C:\\Users\\zBook\\Portfy-project-team\\backend\\src\\middlewares\\auth.middleware.ts": {"path":"C:\\Users\\zBook\\Portfy-project-team\\backend\\src\\middlewares\\auth.middleware.ts","statementMap":{"0":{"start":{"line":3,"column":0},"end":{"line":3,"column":31}},"1":{"start":{"line":6,"column":26},"end":{"line":6,"column":56}},"2":{"start":{"line":8,"column":0},"end":{"line":10,"column":1}},"3":{"start":{"line":9,"column":2},"end":{"line":9,"column":83}},"4":{"start":{"line":26,"column":27},"end":{"line":57,"column":1}},"5":{"start":{"line":33,"column":16},"end":{"line":33,"column":41}},"6":{"start":{"line":35,"column":2},"end":{"line":38,"column":3}},"7":{"start":{"line":36,"column":4},"end":{"line":36,"column":57}},"8":{"start":{"line":37,"column":4},"end":{"line":37,"column":11}},"9":{"start":{"line":40,"column":2},"end":{"line":56,"column":3}},"10":{"start":{"line":41,"column":20},"end":{"line":41,"column":null}},"11":{"start":{"line":46,"column":4},"end":{"line":49,"column":6}},"12":{"start":{"line":51,"column":4},"end":{"line":51,"column":11}},"13":{"start":{"line":54,"column":4},"end":{"line":54,"column":87}},"14":{"start":{"line":55,"column":4},"end":{"line":55,"column":76}},"15":{"start":{"line":26,"column":13},"end":{"line":26,"column":27}},"16":{"start":{"line":62,"column":27},"end":{"line":70,"column":3}},"17":{"start":{"line":63,"column":2},"end":{"line":70,"column":3}},"18":{"start":{"line":64,"column":4},"end":{"line":68,"column":5}},"19":{"start":{"line":66,"column":6},"end":{"line":66,"column":56}},"20":{"start":{"line":67,"column":6},"end":{"line":67,"column":13}},"21":{"start":{"line":69,"column":4},"end":{"line":69,"column":11}},"22":{"start":{"line":62,"column":13},"end":{"line":62,"column":27}}},"fnMap":{"0":{"name":"(anonymous_1)","decl":{"start":{"line":26,"column":27},"end":{"line":26,"column":null}},"loc":{"start":{"line":30,"column":10},"end":{"line":57,"column":1}}},"1":{"name":"(anonymous_2)","decl":{"start":{"line":62,"column":27},"end":{"line":62,"column":28}},"loc":{"start":{"line":63,"column":2},"end":{"line":70,"column":3}}},"2":{"name":"(anonymous_3)","decl":{"start":{"line":63,"column":2},"end":{"line":63,"column":3}},"loc":{"start":{"line":63,"column":60},"end":{"line":70,"column":3}}}},"branchMap":{"0":{"loc":{"start":{"line":8,"column":0},"end":{"line":10,"column":1}},"type":"if","locations":[{"start":{"line":8,"column":0},"end":{"line":10,"column":1}},{"start":{},"end":{}}]},"1":{"loc":{"start":{"line":35,"column":2},"end":{"line":38,"column":3}},"type":"if","locations":[{"start":{"line":35,"column":2},"end":{"line":38,"column":3}},{"start":{},"end":{}}]},"2":{"loc":{"start":{"line":64,"column":4},"end":{"line":68,"column":5}},"type":"if","locations":[{"start":{"line":64,"column":4},"end":{"line":68,"column":5}},{"start":{},"end":{}}]},"3":{"loc":{"start":{"line":64,"column":8},"end":{"line":64,"column":51}},"type":"binary-expr","locations":[{"start":{"line":64,"column":8},"end":{"line":64,"column":17}},{"start":{"line":64,"column":21},"end":{"line":64,"column":51}}]}},"s":{"0":9,"1":9,"2":9,"3":0,"4":9,"5":5,"6":5,"7":1,"8":1,"9":4,"10":4,"11":4,"12":4,"13":0,"14":0,"15":9,"16":9,"17":0,"18":0,"19":0,"20":0,"21":0,"22":9},"f":{"0":5,"1":0,"2":0},"b":{"0":[0,9],"1":[1,4],"2":[0,0],"3":[0,0]}}
,"C:\\Users\\zBook\\Portfy-project-team\\backend\\src\\modules\\auth\\auth.controller.ts": {"path":"C:\\Users\\zBook\\Portfy-project-team\\backend\\src\\modules\\auth\\auth.controller.ts","statementMap":{"0":{"start":{"line":2,"column":0},"end":{"line":2,"column":null}},"1":{"start":{"line":8,"column":0},"end":{"line":8,"column":null}},"2":{"start":{"line":20,"column":30},"end":{"line":26,"column":2}},"3":{"start":{"line":28,"column":31},"end":{"line":34,"column":2}},"4":{"start":{"line":36,"column":45},"end":{"line":44,"column":2}},"5":{"start":{"line":47,"column":2},"end":{"line":53,"column":3}},"6":{"start":{"line":48,"column":19},"end":{"line":48,"column":46}},"7":{"start":{"line":49,"column":4},"end":{"line":52,"column":5}},"8":{"start":{"line":50,"column":6},"end":{"line":50,"column":58}},"9":{"start":{"line":51,"column":6},"end":{"line":51,"column":13}},"10":{"start":{"line":54,"column":2},"end":{"line":54,"column":39}},"11":{"start":{"line":55,"column":2},"end":{"line":55,"column":63}},"12":{"start":{"line":59,"column":34},"end":{"line":87,"column":1}},"13":{"start":{"line":63,"column":17},"end":{"line":63,"column":51}},"14":{"start":{"line":65,"column":2},"end":{"line":71,"column":3}},"15":{"start":{"line":66,"column":4},"end":{"line":69,"column":7}},"16":{"start":{"line":70,"column":4},"end":{"line":70,"column":11}},"17":{"start":{"line":73,"column":2},"end":{"line":86,"column":3}},"18":{"start":{"line":74,"column":17},"end":{"line":74,"column":48}},"19":{"start":{"line":76,"column":4},"end":{"line":78,"column":7}},"20":{"start":{"line":77,"column":6},"end":{"line":77,"column":68}},"21":{"start":{"line":80,"column":4},"end":{"line":83,"column":7}},"22":{"start":{"line":85,"column":4},"end":{"line":85,"column":50}},"23":{"start":{"line":59,"column":13},"end":{"line":59,"column":34}},"24":{"start":{"line":90,"column":31},"end":{"line":117,"column":1}},"25":{"start":{"line":94,"column":17},"end":{"line":94,"column":48}},"26":{"start":{"line":96,"column":2},"end":{"line":99,"column":3}},"27":{"start":{"line":97,"column":4},"end":{"line":97,"column":65}},"28":{"start":{"line":98,"column":4},"end":{"line":98,"column":11}},"29":{"start":{"line":101,"column":2},"end":{"line":116,"column":3}},"30":{"start":{"line":102,"column":48},"end":{"line":105,"column":6}},"31":{"start":{"line":107,"column":4},"end":{"line":107,"column":69}},"32":{"start":{"line":108,"column":4},"end":{"line":108,"column":70}},"33":{"start":{"line":110,"column":4},"end":{"line":113,"column":7}},"34":{"start":{"line":115,"column":4},"end":{"line":115,"column":47}},"35":{"start":{"line":90,"column":13},"end":{"line":90,"column":31}},"36":{"start":{"line":120,"column":33},"end":{"line":138,"column":1}},"37":{"start":{"line":124,"column":23},"end":{"line":124,"column":49}},"38":{"start":{"line":126,"column":2},"end":{"line":129,"column":3}},"39":{"start":{"line":127,"column":4},"end":{"line":127,"column":76}},"40":{"start":{"line":128,"column":4},"end":{"line":128,"column":11}},"41":{"start":{"line":131,"column":2},"end":{"line":137,"column":3}},"42":{"start":{"line":132,"column":28},"end":{"line":132,"column":67}},"43":{"start":{"line":133,"column":4},"end":{"line":133,"column":67}},"44":{"start":{"line":134,"column":4},"end":{"line":134,"column":69}},"45":{"start":{"line":136,"column":4},"end":{"line":136,"column":49}},"46":{"start":{"line":120,"column":13},"end":{"line":120,"column":33}},"47":{"start":{"line":141,"column":32},"end":{"line":160,"column":1}},"48":{"start":{"line":145,"column":23},"end":{"line":145,"column":49}},"49":{"start":{"line":147,"column":2},"end":{"line":154,"column":3}},"50":{"start":{"line":148,"column":4},"end":{"line":153,"column":7}},"51":{"start":{"line":152,"column":6},"end":{"line":152,"column":55}},"52":{"start":{"line":156,"column":2},"end":{"line":156,"column":86}},"53":{"start":{"line":157,"column":2},"end":{"line":157,"column":86}},"54":{"start":{"line":159,"column":2},"end":{"line":159,"column":59}},"55":{"start":{"line":141,"column":13},"end":{"line":141,"column":32}},"56":{"start":{"line":163,"column":37},"end":{"line":182,"column":1}},"57":{"start":{"line":167,"column":20},"end":{"line":167,"column":29}},"58":{"start":{"line":169,"column":2},"end":{"line":172,"column":3}},"59":{"start":{"line":170,"column":4},"end":{"line":170,"column":56}},"60":{"start":{"line":171,"column":4},"end":{"line":171,"column":11}},"61":{"start":{"line":174,"column":2},"end":{"line":181,"column":3}},"62":{"start":{"line":175,"column":4},"end":{"line":175,"column":36}},"63":{"start":{"line":176,"column":4},"end":{"line":178,"column":7}},"64":{"start":{"line":180,"column":4},"end":{"line":180,"column":53}},"65":{"start":{"line":163,"column":13},"end":{"line":163,"column":37}},"66":{"start":{"line":185,"column":44},"end":{"line":204,"column":1}},"67":{"start":{"line":189,"column":20},"end":{"line":189,"column":28}},"68":{"start":{"line":191,"column":2},"end":{"line":194,"column":3}},"69":{"start":{"line":192,"column":4},"end":{"line":192,"column":54}},"70":{"start":{"line":193,"column":4},"end":{"line":193,"column":11}},"71":{"start":{"line":196,"column":2},"end":{"line":203,"column":3}},"72":{"start":{"line":197,"column":4},"end":{"line":197,"column":62}},"73":{"start":{"line":198,"column":4},"end":{"line":200,"column":7}},"74":{"start":{"line":202,"column":4},"end":{"line":202,"column":60}},"75":{"start":{"line":185,"column":13},"end":{"line":185,"column":44}},"76":{"start":{"line":207,"column":40},"end":{"line":230,"column":1}},"77":{"start":{"line":211,"column":17},"end":{"line":211,"column":57}},"78":{"start":{"line":215,"column":2},"end":{"line":220,"column":3}},"79":{"start":{"line":216,"column":4},"end":{"line":218,"column":7}},"80":{"start":{"line":219,"column":4},"end":{"line":219,"column":11}},"81":{"start":{"line":222,"column":2},"end":{"line":229,"column":3}},"82":{"start":{"line":223,"column":4},"end":{"line":223,"column":51}},"83":{"start":{"line":224,"column":4},"end":{"line":226,"column":7}},"84":{"start":{"line":228,"column":4},"end":{"line":228,"column":56}},"85":{"start":{"line":207,"column":13},"end":{"line":207,"column":40}},"86":{"start":{"line":233,"column":39},"end":{"line":255,"column":1}},"87":{"start":{"line":237,"column":17},"end":{"line":237,"column":56}},"88":{"start":{"line":239,"column":2},"end":{"line":245,"column":3}},"89":{"start":{"line":240,"column":4},"end":{"line":243,"column":7}},"90":{"start":{"line":244,"column":4},"end":{"line":244,"column":11}},"91":{"start":{"line":247,"column":2},"end":{"line":254,"column":3}},"92":{"start":{"line":248,"column":4},"end":{"line":248,"column":72}},"93":{"start":{"line":249,"column":4},"end":{"line":251,"column":7}},"94":{"start":{"line":253,"column":4},"end":{"line":253,"column":55}},"95":{"start":{"line":233,"column":13},"end":{"line":233,"column":39}}},"fnMap":{"0":{"name":"handleError","decl":{"start":{"line":46,"column":9},"end":{"line":46,"column":20}},"loc":{"start":{"line":46,"column":67},"end":{"line":56,"column":1}}},"1":{"name":"(anonymous_1)","decl":{"start":{"line":59,"column":34},"end":{"line":59,"column":39}},"loc":{"start":{"line":62,"column":19},"end":{"line":87,"column":1}}},"2":{"name":"(anonymous_2)","decl":{"start":{"line":76,"column":53},"end":{"line":76,"column":54}},"loc":{"start":{"line":76,"column":61},"end":{"line":78,"column":5}}},"3":{"name":"(anonymous_3)","decl":{"start":{"line":90,"column":31},"end":{"line":90,"column":36}},"loc":{"start":{"line":93,"column":19},"end":{"line":117,"column":1}}},"4":{"name":"(anonymous_4)","decl":{"start":{"line":120,"column":33},"end":{"line":120,"column":38}},"loc":{"start":{"line":123,"column":19},"end":{"line":138,"column":1}}},"5":{"name":"(anonymous_5)","decl":{"start":{"line":141,"column":32},"end":{"line":141,"column":37}},"loc":{"start":{"line":144,"column":19},"end":{"line":160,"column":1}}},"6":{"name":"(anonymous_6)","decl":{"start":{"line":151,"column":13},"end":{"line":151,"column":14}},"loc":{"start":{"line":151,"column":21},"end":{"line":153,"column":5}}},"7":{"name":"(anonymous_7)","decl":{"start":{"line":163,"column":37},"end":{"line":163,"column":42}},"loc":{"start":{"line":166,"column":19},"end":{"line":182,"column":1}}},"8":{"name":"(anonymous_8)","decl":{"start":{"line":185,"column":44},"end":{"line":185,"column":49}},"loc":{"start":{"line":188,"column":19},"end":{"line":204,"column":1}}},"9":{"name":"(anonymous_9)","decl":{"start":{"line":207,"column":40},"end":{"line":207,"column":45}},"loc":{"start":{"line":210,"column":19},"end":{"line":230,"column":1}}},"10":{"name":"(anonymous_10)","decl":{"start":{"line":233,"column":39},"end":{"line":233,"column":44}},"loc":{"start":{"line":236,"column":19},"end":{"line":255,"column":1}}}},"branchMap":{"0":{"loc":{"start":{"line":47,"column":2},"end":{"line":53,"column":3}},"type":"if","locations":[{"start":{"line":47,"column":2},"end":{"line":53,"column":3}},{"start":{},"end":{}}]},"1":{"loc":{"start":{"line":49,"column":4},"end":{"line":52,"column":5}},"type":"if","locations":[{"start":{"line":49,"column":4},"end":{"line":52,"column":5}},{"start":{},"end":{}}]},"2":{"loc":{"start":{"line":65,"column":2},"end":{"line":71,"column":3}},"type":"if","locations":[{"start":{"line":65,"column":2},"end":{"line":71,"column":3}},{"start":{},"end":{}}]},"3":{"loc":{"start":{"line":96,"column":2},"end":{"line":99,"column":3}},"type":"if","locations":[{"start":{"line":96,"column":2},"end":{"line":99,"column":3}},{"start":{},"end":{}}]},"4":{"loc":{"start":{"line":126,"column":2},"end":{"line":129,"column":3}},"type":"if","locations":[{"start":{"line":126,"column":2},"end":{"line":129,"column":3}},{"start":{},"end":{}}]},"5":{"loc":{"start":{"line":147,"column":2},"end":{"line":154,"column":3}},"type":"if","locations":[{"start":{"line":147,"column":2},"end":{"line":154,"column":3}},{"start":{},"end":{}}]},"6":{"loc":{"start":{"line":169,"column":2},"end":{"line":172,"column":3}},"type":"if","locations":[{"start":{"line":169,"column":2},"end":{"line":172,"column":3}},{"start":{},"end":{}}]},"7":{"loc":{"start":{"line":169,"column":6},"end":{"line":169,"column":41}},"type":"binary-expr","locations":[{"start":{"line":169,"column":6},"end":{"line":169,"column":12}},{"start":{"line":169,"column":16},"end":{"line":169,"column":41}}]},"8":{"loc":{"start":{"line":191,"column":2},"end":{"line":194,"column":3}},"type":"if","locations":[{"start":{"line":191,"column":2},"end":{"line":194,"column":3}},{"start":{},"end":{}}]},"9":{"loc":{"start":{"line":191,"column":6},"end":{"line":191,"column":41}},"type":"binary-expr","locations":[{"start":{"line":191,"column":6},"end":{"line":191,"column":12}},{"start":{"line":191,"column":16},"end":{"line":191,"column":41}}]},"10":{"loc":{"start":{"line":215,"column":2},"end":{"line":220,"column":3}},"type":"if","locations":[{"start":{"line":215,"column":2},"end":{"line":220,"column":3}},{"start":{},"end":{}}]},"11":{"loc":{"start":{"line":239,"column":2},"end":{"line":245,"column":3}},"type":"if","locations":[{"start":{"line":239,"column":2},"end":{"line":245,"column":3}},{"start":{},"end":{}}]}},"s":{"0":9,"1":9,"2":9,"3":9,"4":9,"5":5,"6":5,"7":5,"8":5,"9":5,"10":0,"11":0,"12":9,"13":16,"14":16,"15":5,"16":5,"17":11,"18":11,"19":10,"20":0,"21":10,"22":1,"23":9,"24":9,"25":9,"26":9,"27":0,"28":0,"29":9,"30":9,"31":6,"32":6,"33":6,"34":3,"35":9,"36":9,"37":2,"38":2,"39":1,"40":1,"41":1,"42":1,"43":1,"44":1,"45":0,"46":9,"47":9,"48":4,"49":4,"50":4,"51":0,"52":4,"53":4,"54":4,"55":9,"56":9,"57":2,"58":2,"59":1,"60":1,"61":1,"62":1,"63":0,"64":1,"65":9,"66":9,"67":0,"68":0,"69":0,"70":0,"71":0,"72":0,"73":0,"74":0,"75":9,"76":9,"77":4,"78":4,"79":2,"80":2,"81":2,"82":2,"83":2,"84":0,"85":9,"86":9,"87":4,"88":4,"89":4,"90":4,"91":0,"92":0,"93":0,"94":0,"95":9},"f":{"0":5,"1":16,"2":0,"3":9,"4":2,"5":4,"6":0,"7":2,"8":0,"9":4,"10":4},"b":{"0":[5,0],"1":[5,0],"2":[5,11],"3":[0,9],"4":[1,1],"5":[4,0],"6":[1,1],"7":[2,1],"8":[0,0],"9":[0,0],"10":[2,2],"11":[4,0]}}
,"C:\\Users\\zBook\\Portfy-project-team\\backend\\src\\modules\\auth\\auth.routes.ts": {"path":"C:\\Users\\zBook\\Portfy-project-team\\backend\\src\\modules\\auth\\auth.routes.ts","statementMap":{"0":{"start":{"line":1,"column":0},"end":{"line":1,"column":33}},"1":{"start":{"line":3,"column":0},"end":{"line":3,"column":43}},"2":{"start":{"line":4,"column":0},"end":{"line":4,"column":null}},"3":{"start":{"line":14,"column":0},"end":{"line":14,"column":67}},"4":{"start":{"line":17,"column":15},"end":{"line":17,"column":23}},"5":{"start":{"line":19,"column":15},"end":{"line":19,"column":46}},"6":{"start":{"line":20,"column":13},"end":{"line":20,"column":38}},"7":{"start":{"line":22,"column":24},"end":{"line":28,"column":2}},"8":{"start":{"line":31,"column":21},"end":{"line":37,"column":2}},"9":{"start":{"line":39,"column":23},"end":{"line":45,"column":2}},"10":{"start":{"line":49,"column":29},"end":{"line":55,"column":2}},"11":{"start":{"line":58,"column":34},"end":{"line":64,"column":2}},"12":{"start":{"line":66,"column":30},"end":{"line":72,"column":2}},"13":{"start":{"line":75,"column":29},"end":{"line":81,"column":2}},"14":{"start":{"line":83,"column":28},"end":{"line":85,"column":41}},"15":{"start":{"line":87,"column":25},"end":{"line":89,"column":35}},"16":{"start":{"line":91,"column":27},"end":{"line":93,"column":39}},"17":{"start":{"line":96,"column":0},"end":{"line":96,"column":49}},"18":{"start":{"line":97,"column":0},"end":{"line":97,"column":43}},"19":{"start":{"line":98,"column":0},"end":{"line":98,"column":47}},"20":{"start":{"line":104,"column":0},"end":{"line":104,"column":60}},"21":{"start":{"line":105,"column":0},"end":{"line":105,"column":71}},"22":{"start":{"line":106,"column":0},"end":{"line":106,"column":81}},"23":{"start":{"line":107,"column":0},"end":{"line":107,"column":80}},"24":{"start":{"line":113,"column":0},"end":{"line":113,"column":93}},"25":{"start":{"line":117,"column":0},"end":{"line":117,"column":22}}},"fnMap":{},"branchMap":{"0":{"loc":{"start":{"line":83,"column":28},"end":{"line":85,"column":41}},"type":"cond-expr","locations":[{"start":{"line":84,"column":4},"end":{"line":84,"column":24}},{"start":{"line":85,"column":4},"end":{"line":85,"column":41}}]},"1":{"loc":{"start":{"line":83,"column":29},"end":{"line":83,"column":43}},"type":"binary-expr","locations":[{"start":{"line":83,"column":29},"end":{"line":83,"column":35}},{"start":{"line":83,"column":39},"end":{"line":83,"column":43}}]},"2":{"loc":{"start":{"line":87,"column":25},"end":{"line":89,"column":35}},"type":"cond-expr","locations":[{"start":{"line":88,"column":4},"end":{"line":88,"column":21}},{"start":{"line":89,"column":4},"end":{"line":89,"column":35}}]},"3":{"loc":{"start":{"line":87,"column":26},"end":{"line":87,"column":40}},"type":"binary-expr","locations":[{"start":{"line":87,"column":26},"end":{"line":87,"column":32}},{"start":{"line":87,"column":36},"end":{"line":87,"column":40}}]},"4":{"loc":{"start":{"line":91,"column":27},"end":{"line":93,"column":39}},"type":"cond-expr","locations":[{"start":{"line":92,"column":4},"end":{"line":92,"column":23}},{"start":{"line":93,"column":4},"end":{"line":93,"column":39}}]},"5":{"loc":{"start":{"line":91,"column":28},"end":{"line":91,"column":42}},"type":"binary-expr","locations":[{"start":{"line":91,"column":28},"end":{"line":91,"column":34}},{"start":{"line":91,"column":38},"end":{"line":91,"column":42}}]}},"s":{"0":9,"1":9,"2":9,"3":9,"4":9,"5":9,"6":9,"7":9,"8":9,"9":9,"10":9,"11":9,"12":9,"13":9,"14":9,"15":9,"16":9,"17":9,"18":9,"19":9,"20":9,"21":9,"22":9,"23":9,"24":9,"25":9},"f":{},"b":{"0":[9,0],"1":[9,0],"2":[9,0],"3":[9,0],"4":[9,0],"5":[9,0]}}
,"C:\\Users\\zBook\\Portfy-project-team\\backend\\src\\modules\\auth\\auth.service.ts": {"path":"C:\\Users\\zBook\\Portfy-project-team\\backend\\src\\modules\\auth\\auth.service.ts","statementMap":{"0":{"start":{"line":1,"column":0},"end":{"line":1,"column":30}},"1":{"start":{"line":2,"column":0},"end":{"line":2,"column":47}},"2":{"start":{"line":4,"column":0},"end":{"line":4,"column":null}},"3":{"start":{"line":10,"column":0},"end":{"line":10,"column":28}},"4":{"start":{"line":11,"column":0},"end":{"line":11,"column":66}},"5":{"start":{"line":13,"column":27},"end":{"line":13,"column":29}},"6":{"start":{"line":16,"column":2},"end":{"line":16,"column":64}},"7":{"start":{"line":19,"column":28},"end":{"line":52,"column":1}},"8":{"start":{"line":20,"column":36},"end":{"line":20,"column":40}},"9":{"start":{"line":22,"column":25},"end":{"line":22,"column":72}},"10":{"start":{"line":24,"column":23},"end":{"line":27,"column":4}},"11":{"start":{"line":29,"column":2},"end":{"line":33,"column":3}},"12":{"start":{"line":30,"column":23},"end":{"line":30,"column":58}},"13":{"start":{"line":31,"column":4},"end":{"line":31,"column":27}},"14":{"start":{"line":32,"column":4},"end":{"line":32,"column":16}},"15":{"start":{"line":35,"column":2},"end":{"line":51,"column":5}},"16":{"start":{"line":36,"column":4},"end":{"line":50,"column":7}},"17":{"start":{"line":19,"column":13},"end":{"line":19,"column":28}},"18":{"start":{"line":55,"column":25},"end":{"line":154,"column":1}},"19":{"start":{"line":59,"column":30},"end":{"line":59,"column":34}},"20":{"start":{"line":61,"column":15},"end":{"line":70,"column":4}},"21":{"start":{"line":72,"column":18},"end":{"line":74,"column":null}},"22":{"start":{"line":77,"column":2},"end":{"line":91,"column":3}},"23":{"start":{"line":78,"column":4},"end":{"line":87,"column":5}},"24":{"start":{"line":79,"column":6},"end":{"line":86,"column":9}},"25":{"start":{"line":88,"column":23},"end":{"line":88,"column":59}},"26":{"start":{"line":89,"column":4},"end":{"line":89,"column":27}},"27":{"start":{"line":90,"column":4},"end":{"line":90,"column":16}},"28":{"start":{"line":101,"column":2},"end":{"line":103,"column":26}},"29":{"start":{"line":105,"column":0},"end":{"line":111,"column":1}},"30":{"start":{"line":106,"column":21},"end":{"line":107,"column":null}},"31":{"start":{"line":109,"column":2},"end":{"line":109,"column":25}},"32":{"start":{"line":110,"column":2},"end":{"line":110,"column":14}},"33":{"start":{"line":114,"column":2},"end":{"line":126,"column":3}},"34":{"start":{"line":115,"column":16},"end":{"line":118,"column":6}},"35":{"start":{"line":119,"column":4},"end":{"line":125,"column":5}},"36":{"start":{"line":120,"column":25},"end":{"line":121,"column":null}},"37":{"start":{"line":123,"column":6},"end":{"line":123,"column":29}},"38":{"start":{"line":124,"column":6},"end":{"line":124,"column":18}},"39":{"start":{"line":128,"column":23},"end":{"line":128,"column":80}},"40":{"start":{"line":129,"column":23},"end":{"line":129,"column":64}},"41":{"start":{"line":131,"column":2},"end":{"line":147,"column":5}},"42":{"start":{"line":149,"column":2},"end":{"line":153,"column":4}},"43":{"start":{"line":55,"column":13},"end":{"line":55,"column":25}},"44":{"start":{"line":157,"column":35},"end":{"line":180,"column":1}},"45":{"start":{"line":158,"column":20},"end":{"line":160,"column":4}},"46":{"start":{"line":162,"column":2},"end":{"line":166,"column":3}},"47":{"start":{"line":163,"column":23},"end":{"line":163,"column":50}},"48":{"start":{"line":164,"column":4},"end":{"line":164,"column":27}},"49":{"start":{"line":165,"column":4},"end":{"line":165,"column":16}},"50":{"start":{"line":168,"column":2},"end":{"line":173,"column":3}},"51":{"start":{"line":169,"column":4},"end":{"line":169,"column":73}},"52":{"start":{"line":170,"column":23},"end":{"line":170,"column":70}},"53":{"start":{"line":171,"column":4},"end":{"line":171,"column":27}},"54":{"start":{"line":172,"column":4},"end":{"line":172,"column":16}},"55":{"start":{"line":175,"column":18},"end":{"line":175,"column":50}},"56":{"start":{"line":177,"column":2},"end":{"line":179,"column":4}},"57":{"start":{"line":157,"column":13},"end":{"line":157,"column":35}},"58":{"start":{"line":183,"column":26},"end":{"line":206,"column":1}},"59":{"start":{"line":188,"column":28},"end":{"line":190,"column":4}},"60":{"start":{"line":192,"column":2},"end":{"line":203,"column":3}},"61":{"start":{"line":193,"column":4},"end":{"line":202,"column":6}},"62":{"start":{"line":205,"column":2},"end":{"line":205,"column":40}},"63":{"start":{"line":183,"column":13},"end":{"line":183,"column":26}},"64":{"start":{"line":209,"column":37},"end":{"line":232,"column":1}},"65":{"start":{"line":213,"column":2},"end":{"line":213,"column":61}},"66":{"start":{"line":213,"column":54},"end":{"line":213,"column":61}},"67":{"start":{"line":214,"column":22},"end":{"line":214,"column":60}},"68":{"start":{"line":215,"column":22},"end":{"line":218,"column":18}},"69":{"start":{"line":220,"column":2},"end":{"line":226,"column":5}},"70":{"start":{"line":228,"column":21},"end":{"line":228,"column":81}},"71":{"start":{"line":229,"column":21},"end":{"line":229,"column":59}},"72":{"start":{"line":231,"column":2},"end":{"line":231,"column":81}},"73":{"start":{"line":209,"column":13},"end":{"line":209,"column":37}},"74":{"start":{"line":235,"column":39},"end":{"line":244,"column":1}},"75":{"start":{"line":236,"column":15},"end":{"line":239,"column":4}},"76":{"start":{"line":241,"column":2},"end":{"line":241,"column":44}},"77":{"start":{"line":241,"column":37},"end":{"line":241,"column":44}},"78":{"start":{"line":243,"column":2},"end":{"line":243,"column":51}},"79":{"start":{"line":235,"column":13},"end":{"line":235,"column":39}},"80":{"start":{"line":247,"column":34},"end":{"line":282,"column":1}},"81":{"start":{"line":248,"column":2},"end":{"line":252,"column":3}},"82":{"start":{"line":249,"column":23},"end":{"line":249,"column":60}},"83":{"start":{"line":250,"column":4},"end":{"line":250,"column":27}},"84":{"start":{"line":251,"column":4},"end":{"line":251,"column":16}},"85":{"start":{"line":254,"column":22},"end":{"line":257,"column":18}},"86":{"start":{"line":259,"column":15},"end":{"line":266,"column":4}},"87":{"start":{"line":268,"column":2},"end":{"line":272,"column":3}},"88":{"start":{"line":269,"column":23},"end":{"line":269,"column":60}},"89":{"start":{"line":270,"column":4},"end":{"line":270,"column":27}},"90":{"start":{"line":271,"column":4},"end":{"line":271,"column":16}},"91":{"start":{"line":274,"column":2},"end":{"line":281,"column":5}},"92":{"start":{"line":247,"column":13},"end":{"line":247,"column":34}},"93":{"start":{"line":285,"column":37},"end":{"line":318,"column":1}},"94":{"start":{"line":286,"column":15},"end":{"line":289,"column":4}},"95":{"start":{"line":291,"column":2},"end":{"line":291,"column":20}},"96":{"start":{"line":291,"column":13},"end":{"line":291,"column":20}},"97":{"start":{"line":295,"column":2},"end":{"line":298,"column":5}},"98":{"start":{"line":300,"column":22},"end":{"line":300,"column":60}},"99":{"start":{"line":301,"column":22},"end":{"line":304,"column":18}},"100":{"start":{"line":306,"column":2},"end":{"line":312,"column":5}},"101":{"start":{"line":314,"column":20},"end":{"line":314,"column":82}},"102":{"start":{"line":315,"column":20},"end":{"line":315,"column":59}},"103":{"start":{"line":317,"column":2},"end":{"line":317,"column":86}},"104":{"start":{"line":285,"column":13},"end":{"line":285,"column":37}},"105":{"start":{"line":321,"column":36},"end":{"line":362,"column":1}},"106":{"start":{"line":325,"column":22},"end":{"line":328,"column":18}},"107":{"start":{"line":330,"column":20},"end":{"line":337,"column":4}},"108":{"start":{"line":339,"column":2},"end":{"line":343,"column":3}},"109":{"start":{"line":340,"column":23},"end":{"line":340,"column":60}},"110":{"start":{"line":341,"column":4},"end":{"line":341,"column":27}},"111":{"start":{"line":342,"column":4},"end":{"line":342,"column":16}},"112":{"start":{"line":345,"column":25},"end":{"line":345,"column":75}},"113":{"start":{"line":347,"column":2},"end":{"line":361,"column":5}},"114":{"start":{"line":321,"column":13},"end":{"line":321,"column":36}}},"fnMap":{"0":{"name":"(anonymous_1)","decl":{"start":{"line":19,"column":28},"end":{"line":19,"column":33}},"loc":{"start":{"line":19,"column":58},"end":{"line":52,"column":1}}},"1":{"name":"(anonymous_2)","decl":{"start":{"line":35,"column":35},"end":{"line":35,"column":40}},"loc":{"start":{"line":35,"column":74},"end":{"line":51,"column":3}}},"2":{"name":"(anonymous_3)","decl":{"start":{"line":55,"column":25},"end":{"line":55,"column":30}},"loc":{"start":{"line":58,"column":4},"end":{"line":154,"column":1}}},"3":{"name":"(anonymous_4)","decl":{"start":{"line":157,"column":35},"end":{"line":157,"column":40}},"loc":{"start":{"line":157,"column":66},"end":{"line":180,"column":1}}},"4":{"name":"(anonymous_5)","decl":{"start":{"line":183,"column":26},"end":{"line":183,"column":31}},"loc":{"start":{"line":187,"column":4},"end":{"line":206,"column":1}}},"5":{"name":"(anonymous_6)","decl":{"start":{"line":209,"column":37},"end":{"line":209,"column":42}},"loc":{"start":{"line":212,"column":4},"end":{"line":232,"column":1}}},"6":{"name":"(anonymous_7)","decl":{"start":{"line":235,"column":39},"end":{"line":235,"column":44}},"loc":{"start":{"line":235,"column":63},"end":{"line":244,"column":1}}},"7":{"name":"(anonymous_8)","decl":{"start":{"line":247,"column":34},"end":{"line":247,"column":39}},"loc":{"start":{"line":247,"column":61},"end":{"line":282,"column":1}}},"8":{"name":"(anonymous_9)","decl":{"start":{"line":285,"column":37},"end":{"line":285,"column":42}},"loc":{"start":{"line":285,"column":61},"end":{"line":318,"column":1}}},"9":{"name":"(anonymous_10)","decl":{"start":{"line":321,"column":36},"end":{"line":321,"column":41}},"loc":{"start":{"line":324,"column":4},"end":{"line":362,"column":1}}}},"branchMap":{"0":{"loc":{"start":{"line":29,"column":2},"end":{"line":33,"column":3}},"type":"if","locations":[{"start":{"line":29,"column":2},"end":{"line":33,"column":3}},{"start":{},"end":{}}]},"1":{"loc":{"start":{"line":41,"column":12},"end":{"line":41,"column":66}},"type":"binary-expr","locations":[{"start":{"line":41,"column":12},"end":{"line":41,"column":30}},{"start":{"line":41,"column":34},"end":{"line":41,"column":66}}]},"2":{"loc":{"start":{"line":42,"column":12},"end":{"line":42,"column":67}},"type":"binary-expr","locations":[{"start":{"line":42,"column":12},"end":{"line":42,"column":26}},{"start":{"line":42,"column":34},"end":{"line":42,"column":67}}]},"3":{"loc":{"start":{"line":74,"column":4},"end":{"line":74,"column":32}},"type":"binary-expr","locations":[{"start":{"line":74,"column":4},"end":{"line":74,"column":18}},{"start":{"line":74,"column":22},"end":{"line":74,"column":32}}]},"4":{"loc":{"start":{"line":77,"column":2},"end":{"line":91,"column":3}},"type":"if","locations":[{"start":{"line":77,"column":2},"end":{"line":91,"column":3}},{"start":{},"end":{}}]},"5":{"loc":{"start":{"line":77,"column":6},"end":{"line":77,"column":23}},"type":"binary-expr","locations":[{"start":{"line":77,"column":6},"end":{"line":77,"column":11}},{"start":{"line":77,"column":15},"end":{"line":77,"column":23}}]},"6":{"loc":{"start":{"line":78,"column":4},"end":{"line":87,"column":5}},"type":"if","locations":[{"start":{"line":78,"column":4},"end":{"line":87,"column":5}},{"start":{},"end":{}}]},"7":{"loc":{"start":{"line":82,"column":21},"end":{"line":82,"column":44}},"type":"binary-expr","locations":[{"start":{"line":82,"column":21},"end":{"line":82,"column":29}},{"start":{"line":82,"column":40},"end":{"line":82,"column":44}}]},"8":{"loc":{"start":{"line":83,"column":21},"end":{"line":83,"column":44}},"type":"binary-expr","locations":[{"start":{"line":83,"column":21},"end":{"line":83,"column":36}},{"start":{"line":83,"column":40},"end":{"line":83,"column":44}}]},"9":{"loc":{"start":{"line":101,"column":2},"end":{"line":103,"column":26}},"type":"cond-expr","locations":[{"start":{"line":102,"column":6},"end":{"line":102,"column":10}},{"start":{"line":103,"column":6},"end":{"line":103,"column":26}}]},"10":{"loc":{"start":{"line":105,"column":0},"end":{"line":111,"column":1}},"type":"if","locations":[{"start":{"line":105,"column":0},"end":{"line":111,"column":1}},{"start":{},"end":{}}]},"11":{"loc":{"start":{"line":114,"column":2},"end":{"line":126,"column":3}},"type":"if","locations":[{"start":{"line":114,"column":2},"end":{"line":126,"column":3}},{"start":{},"end":{}}]},"12":{"loc":{"start":{"line":119,"column":4},"end":{"line":125,"column":5}},"type":"if","locations":[{"start":{"line":119,"column":4},"end":{"line":125,"column":5}},{"start":{},"end":{}}]},"13":{"loc":{"start":{"line":142,"column":19},"end":{"line":142,"column":42}},"type":"binary-expr","locations":[{"start":{"line":142,"column":19},"end":{"line":142,"column":27}},{"start":{"line":142,"column":38},"end":{"line":142,"column":42}}]},"14":{"loc":{"start":{"line":143,"column":19},"end":{"line":143,"column":42}},"type":"binary-expr","locations":[{"start":{"line":143,"column":19},"end":{"line":143,"column":34}},{"start":{"line":143,"column":38},"end":{"line":143,"column":42}}]},"15":{"loc":{"start":{"line":162,"column":2},"end":{"line":166,"column":3}},"type":"if","locations":[{"start":{"line":162,"column":2},"end":{"line":166,"column":3}},{"start":{},"end":{}}]},"16":{"loc":{"start":{"line":168,"column":2},"end":{"line":173,"column":3}},"type":"if","locations":[{"start":{"line":168,"column":2},"end":{"line":173,"column":3}},{"start":{},"end":{}}]},"17":{"loc":{"start":{"line":192,"column":2},"end":{"line":203,"column":3}},"type":"if","locations":[{"start":{"line":192,"column":2},"end":{"line":203,"column":3}},{"start":{},"end":{}}]},"18":{"loc":{"start":{"line":197,"column":21},"end":{"line":197,"column":44}},"type":"binary-expr","locations":[{"start":{"line":197,"column":21},"end":{"line":197,"column":29}},{"start":{"line":197,"column":40},"end":{"line":197,"column":44}}]},"19":{"loc":{"start":{"line":198,"column":21},"end":{"line":198,"column":44}},"type":"binary-expr","locations":[{"start":{"line":198,"column":21},"end":{"line":198,"column":36}},{"start":{"line":198,"column":40},"end":{"line":198,"column":44}}]},"20":{"loc":{"start":{"line":213,"column":2},"end":{"line":213,"column":61}},"type":"if","locations":[{"start":{"line":213,"column":2},"end":{"line":213,"column":61}},{"start":{},"end":{}}]},"21":{"loc":{"start":{"line":241,"column":2},"end":{"line":241,"column":44}},"type":"if","locations":[{"start":{"line":241,"column":2},"end":{"line":241,"column":44}},{"start":{},"end":{}}]},"22":{"loc":{"start":{"line":241,"column":6},"end":{"line":241,"column":35}},"type":"binary-expr","locations":[{"start":{"line":241,"column":6},"end":{"line":241,"column":11}},{"start":{"line":241,"column":15},"end":{"line":241,"column":35}}]},"23":{"loc":{"start":{"line":248,"column":2},"end":{"line":252,"column":3}},"type":"if","locations":[{"start":{"line":248,"column":2},"end":{"line":252,"column":3}},{"start":{},"end":{}}]},"24":{"loc":{"start":{"line":248,"column":6},"end":{"line":248,"column":41}},"type":"binary-expr","locations":[{"start":{"line":248,"column":6},"end":{"line":248,"column":15}},{"start":{"line":248,"column":19},"end":{"line":248,"column":41}}]},"25":{"loc":{"start":{"line":268,"column":2},"end":{"line":272,"column":3}},"type":"if","locations":[{"start":{"line":268,"column":2},"end":{"line":272,"column":3}},{"start":{},"end":{}}]},"26":{"loc":{"start":{"line":291,"column":2},"end":{"line":291,"column":20}},"type":"if","locations":[{"start":{"line":291,"column":2},"end":{"line":291,"column":20}},{"start":{},"end":{}}]},"27":{"loc":{"start":{"line":339,"column":2},"end":{"line":343,"column":3}},"type":"if","locations":[{"start":{"line":339,"column":2},"end":{"line":343,"column":3}},{"start":{},"end":{}}]}},"s":{"0":9,"1":9,"2":9,"3":9,"4":9,"5":9,"6":9,"7":9,"8":11,"9":11,"10":11,"11":11,"12":1,"13":1,"14":1,"15":10,"16":10,"17":9,"18":9,"19":9,"20":9,"21":9,"22":9,"23":3,"24":1,"25":3,"26":3,"27":3,"28":6,"29":6,"30":0,"31":0,"32":0,"33":6,"34":0,"35":0,"36":0,"37":0,"38":0,"39":6,"40":6,"41":6,"42":6,"43":9,"44":9,"45":1,"46":1,"47":0,"48":0,"49":0,"50":1,"51":0,"52":0,"53":0,"54":0,"55":1,"56":1,"57":9,"58":9,"59":4,"60":4,"61":4,"62":4,"63":9,"64":9,"65":10,"66":10,"67":0,"68":0,"69":0,"70":0,"71":0,"72":0,"73":9,"74":9,"75":0,"76":0,"77":0,"78":0,"79":9,"80":9,"81":1,"82":1,"83":1,"84":1,"85":0,"86":0,"87":0,"88":0,"89":0,"90":0,"91":0,"92":9,"93":9,"94":2,"95":2,"96":2,"97":0,"98":0,"99":0,"100":0,"101":0,"102":0,"103":0,"104":9,"105":9,"106":0,"107":0,"108":0,"109":0,"110":0,"111":0,"112":0,"113":0,"114":9},"f":{"0":11,"1":10,"2":9,"3":1,"4":4,"5":10,"6":0,"7":1,"8":2,"9":0},"b":{"0":[1,10],"1":[10,10],"2":[10,0],"3":[9,2],"4":[3,6],"5":[9,7],"6":[1,2],"7":[1,0],"8":[1,1],"9":[6,0],"10":[0,6],"11":[0,6],"12":[0,0],"13":[6,0],"14":[6,6],"15":[0,1],"16":[0,1],"17":[4,0],"18":[4,0],"19":[4,4],"20":[10,0],"21":[0,0],"22":[0,0],"23":[1,0],"24":[1,1],"25":[0,0],"26":[2,0],"27":[0,0]}}
,"C:\\Users\\zBook\\Portfy-project-team\\backend\\src\\modules\\auth\\auth.validation.ts": {"path":"C:\\Users\\zBook\\Portfy-project-team\\backend\\src\\modules\\auth\\auth.validation.ts","statementMap":{"0":{"start":{"line":1,"column":0},"end":{"line":1,"column":24}},"1":{"start":{"line":3,"column":13},"end":{"line":25,"column":12}},"2":{"start":{"line":20,"column":23},"end":{"line":22,"column":8}},"3":{"start":{"line":27,"column":13},"end":{"line":40,"column":12}},"4":{"start":{"line":42,"column":13},"end":{"line":44,"column":3}},"5":{"start":{"line":46,"column":13},"end":{"line":55,"column":12}},"6":{"start":{"line":57,"column":13},"end":{"line":72,"column":12}}},"fnMap":{"0":{"name":"(anonymous_0)","decl":{"start":{"line":20,"column":16},"end":{"line":20,"column":19}},"loc":{"start":{"line":20,"column":23},"end":{"line":22,"column":8}}}},"branchMap":{},"s":{"0":9,"1":9,"2":1,"3":9,"4":9,"5":9,"6":9},"f":{"0":1},"b":{}}
,"C:\\Users\\zBook\\Portfy-project-team\\backend\\src\\utils\\jwt.ts": {"path":"C:\\Users\\zBook\\Portfy-project-team\\backend\\src\\utils\\jwt.ts","statementMap":{"0":{"start":{"line":1,"column":0},"end":{"line":1,"column":31}},"1":{"start":{"line":4,"column":22},"end":{"line":4,"column":51}},"2":{"start":{"line":5,"column":23},"end":{"line":5,"column":53}},"3":{"start":{"line":8,"column":0},"end":{"line":10,"column":1}},"4":{"start":{"line":9,"column":2},"end":{"line":9,"column":81}},"5":{"start":{"line":21,"column":35},"end":{"line":25,"column":1}},"6":{"start":{"line":22,"column":2},"end":{"line":24,"column":5}},"7":{"start":{"line":21,"column":13},"end":{"line":21,"column":35}},"8":{"start":{"line":30,"column":36},"end":{"line":34,"column":1}},"9":{"start":{"line":31,"column":2},"end":{"line":33,"column":5}},"10":{"start":{"line":30,"column":13},"end":{"line":30,"column":36}},"11":{"start":{"line":40,"column":34},"end":{"line":47,"column":1}},"12":{"start":{"line":41,"column":2},"end":{"line":46,"column":3}},"13":{"start":{"line":42,"column":4},"end":{"line":42,"column":45}},"14":{"start":{"line":45,"column":4},"end":{"line":45,"column":56}},"15":{"start":{"line":40,"column":13},"end":{"line":40,"column":34}}},"fnMap":{"0":{"name":"(anonymous_1)","decl":{"start":{"line":21,"column":35},"end":{"line":21,"column":36}},"loc":{"start":{"line":21,"column":69},"end":{"line":25,"column":1}}},"1":{"name":"(anonymous_2)","decl":{"start":{"line":30,"column":36},"end":{"line":30,"column":37}},"loc":{"start":{"line":30,"column":76},"end":{"line":34,"column":1}}},"2":{"name":"(anonymous_3)","decl":{"start":{"line":40,"column":34},"end":{"line":40,"column":35}},"loc":{"start":{"line":40,"column":57},"end":{"line":47,"column":1}}}},"branchMap":{"0":{"loc":{"start":{"line":8,"column":0},"end":{"line":10,"column":1}},"type":"if","locations":[{"start":{"line":8,"column":0},"end":{"line":10,"column":1}},{"start":{},"end":{}}]},"1":{"loc":{"start":{"line":8,"column":4},"end":{"line":8,"column":37}},"type":"binary-expr","locations":[{"start":{"line":8,"column":4},"end":{"line":8,"column":18}},{"start":{"line":8,"column":22},"end":{"line":8,"column":37}}]}},"s":{"0":9,"1":9,"2":9,"3":9,"4":0,"5":9,"6":7,"7":9,"8":9,"9":6,"10":9,"11":9,"12":1,"13":1,"14":0,"15":9},"f":{"0":7,"1":6,"2":1},"b":{"0":[0,9],"1":[9,9]}}
,"C:\\Users\\zBook\\Portfy-project-team\\backend\\src\\utils\\mailer.ts": {"path":"C:\\Users\\zBook\\Portfy-project-team\\backend\\src\\utils\\mailer.ts","statementMap":{"0":{"start":{"line":1,"column":0},"end":{"line":1,"column":36}},"1":{"start":{"line":4,"column":18},"end":{"line":4,"column":39}},"2":{"start":{"line":5,"column":18},"end":{"line":5,"column":39}},"3":{"start":{"line":6,"column":18},"end":{"line":6,"column":39}},"4":{"start":{"line":7,"column":18},"end":{"line":7,"column":39}},"5":{"start":{"line":8,"column":18},"end":{"line":8,"column":72}},"6":{"start":{"line":10,"column":0},"end":{"line":12,"column":1}},"7":{"start":{"line":11,"column":2},"end":{"line":11,"column":96}},"8":{"start":{"line":16,"column":20},"end":{"line":26,"column":2}},"9":{"start":{"line":36,"column":25},"end":{"line":43,"column":1}},"10":{"start":{"line":37,"column":2},"end":{"line":42,"column":5}},"11":{"start":{"line":36,"column":13},"end":{"line":36,"column":25}},"12":{"start":{"line":47,"column":13},"end":{"line":108,"column":2}},"13":{"start":{"line":50,"column":41},"end":{"line":79,"column":4}},"14":{"start":{"line":80,"column":40},"end":{"line":107,"column":4}}},"fnMap":{"0":{"name":"(anonymous_1)","decl":{"start":{"line":36,"column":25},"end":{"line":36,"column":30}},"loc":{"start":{"line":36,"column":76},"end":{"line":43,"column":1}}},"1":{"name":"(anonymous_2)","decl":{"start":{"line":50,"column":17},"end":{"line":50,"column":18}},"loc":{"start":{"line":50,"column":41},"end":{"line":79,"column":4}}},"2":{"name":"(anonymous_3)","decl":{"start":{"line":80,"column":15},"end":{"line":80,"column":16}},"loc":{"start":{"line":80,"column":40},"end":{"line":107,"column":4}}}},"branchMap":{"0":{"loc":{"start":{"line":8,"column":18},"end":{"line":8,"column":72}},"type":"binary-expr","locations":[{"start":{"line":8,"column":18},"end":{"line":8,"column":39}},{"start":{"line":8,"column":43},"end":{"line":8,"column":72}}]},"1":{"loc":{"start":{"line":10,"column":0},"end":{"line":12,"column":1}},"type":"if","locations":[{"start":{"line":10,"column":0},"end":{"line":12,"column":1}},{"start":{},"end":{}}]},"2":{"loc":{"start":{"line":10,"column":4},"end":{"line":10,"column":56}},"type":"binary-expr","locations":[{"start":{"line":10,"column":4},"end":{"line":10,"column":14}},{"start":{"line":10,"column":18},"end":{"line":10,"column":28}},{"start":{"line":10,"column":32},"end":{"line":10,"column":42}},{"start":{"line":10,"column":46},"end":{"line":10,"column":56}}]}},"s":{"0":9,"1":9,"2":9,"3":9,"4":9,"5":9,"6":9,"7":0,"8":9,"9":9,"10":0,"11":9,"12":9,"13":0,"14":0},"f":{"0":0,"1":0,"2":0},"b":{"0":[9,9],"1":[0,9],"2":[9,9,9,9]}}
,"C:\\Users\\zBook\\Portfy-project-team\\backend\\src\\utils\\prisma.ts": {"path":"C:\\Users\\zBook\\Portfy-project-team\\backend\\src\\utils\\prisma.ts","statementMap":{"0":{"start":{"line":1,"column":0},"end":{"line":1,"column":45}},"1":{"start":{"line":3,"column":24},"end":{"line":3,"column":null}},"2":{"start":{"line":7,"column":13},"end":{"line":9,"column":null}},"3":{"start":{"line":11,"column":0},"end":{"line":13,"column":1}},"4":{"start":{"line":12,"column":2},"end":{"line":12,"column":null}}},"fnMap":{},"branchMap":{"0":{"loc":{"start":{"line":8,"column":2},"end":{"line":9,"column":20}},"type":"binary-expr","locations":[{"start":{"line":8,"column":2},"end":{"line":8,"column":24}},{"start":{"line":9,"column":2},"end":{"line":9,"column":20}}]},"1":{"loc":{"start":{"line":11,"column":0},"end":{"line":13,"column":1}},"type":"if","locations":[{"start":{"line":11,"column":0},"end":{"line":13,"column":1}},{"start":{},"end":{}}]}},"s":{"0":9,"1":9,"2":9,"3":9,"4":9},"f":{},"b":{"0":[9,9],"1":[9,0]}}
}
