TN:
SF:src\index.ts
FN:65,(anonymous_1)
FN:74,(anonymous_2)
FNF:2
FNH:0
FNDA:0,(anonymous_1)
FNDA:0,(anonymous_2)
DA:1,9
DA:2,9
DA:3,9
DA:4,9
DA:5,9
DA:6,9
DA:7,9
DA:9,9
DA:11,9
DA:12,9
DA:13,9
DA:18,9
DA:21,9
DA:35,9
DA:36,9
DA:44,9
DA:45,9
DA:46,9
DA:49,9
DA:58,9
DA:59,0
DA:62,9
DA:65,9
DA:66,0
DA:74,9
DA:75,0
DA:78,9
LF:27
LH:24
BRDA:35,0,0,9
BRDA:35,0,1,9
BRDA:58,1,0,0
BRDA:58,1,1,9
BRDA:58,2,0,9
BRDA:58,2,1,0
BRDA:68,3,0,0
BRDA:68,3,1,0
BRF:8
BRH:4
end_of_record
TN:
SF:src\middlewares\auth.middleware.ts
FN:26,(anonymous_1)
FN:62,(anonymous_2)
FN:63,(anonymous_3)
FNF:3
FNH:1
FNDA:5,(anonymous_1)
FNDA:0,(anonymous_2)
FNDA:0,(anonymous_3)
DA:3,9
DA:6,9
DA:8,9
DA:9,0
DA:26,9
DA:33,5
DA:35,5
DA:36,1
DA:37,1
DA:40,4
DA:41,4
DA:46,4
DA:51,4
DA:54,0
DA:55,0
DA:62,9
DA:63,0
DA:64,0
DA:66,0
DA:67,0
DA:69,0
LF:21
LH:13
BRDA:8,0,0,0
BRDA:8,0,1,9
BRDA:35,1,0,1
BRDA:35,1,1,4
BRDA:64,2,0,0
BRDA:64,2,1,0
BRDA:64,3,0,0
BRDA:64,3,1,0
BRF:8
BRH:3
end_of_record
TN:
SF:src\modules\auth\auth.controller.ts
FN:46,handleError
FN:59,(anonymous_1)
FN:76,(anonymous_2)
FN:90,(anonymous_3)
FN:120,(anonymous_4)
FN:141,(anonymous_5)
FN:151,(anonymous_6)
FN:163,(anonymous_7)
FN:185,(anonymous_8)
FN:207,(anonymous_9)
FN:233,(anonymous_10)
FNF:11
FNH:8
FNDA:5,handleError
FNDA:16,(anonymous_1)
FNDA:0,(anonymous_2)
FNDA:9,(anonymous_3)
FNDA:2,(anonymous_4)
FNDA:4,(anonymous_5)
FNDA:0,(anonymous_6)
FNDA:2,(anonymous_7)
FNDA:0,(anonymous_8)
FNDA:4,(anonymous_9)
FNDA:4,(anonymous_10)
DA:2,9
DA:8,9
DA:20,9
DA:28,9
DA:36,9
DA:47,5
DA:48,5
DA:49,5
DA:50,5
DA:51,5
DA:54,0
DA:55,0
DA:59,9
DA:63,16
DA:65,16
DA:66,5
DA:70,5
DA:73,11
DA:74,11
DA:76,10
DA:77,0
DA:80,10
DA:85,1
DA:90,9
DA:94,9
DA:96,9
DA:97,0
DA:98,0
DA:101,9
DA:102,9
DA:107,6
DA:108,6
DA:110,6
DA:115,3
DA:120,9
DA:124,2
DA:126,2
DA:127,1
DA:128,1
DA:131,1
DA:132,1
DA:133,1
DA:134,1
DA:136,0
DA:141,9
DA:145,4
DA:147,4
DA:148,4
DA:152,0
DA:156,4
DA:157,4
DA:159,4
DA:163,9
DA:167,2
DA:169,2
DA:170,1
DA:171,1
DA:174,1
DA:175,1
DA:176,0
DA:180,1
DA:185,9
DA:189,0
DA:191,0
DA:192,0
DA:193,0
DA:196,0
DA:197,0
DA:198,0
DA:202,0
DA:207,9
DA:211,4
DA:215,4
DA:216,2
DA:219,2
DA:222,2
DA:223,2
DA:224,2
DA:228,0
DA:233,9
DA:237,4
DA:239,4
DA:240,4
DA:244,4
DA:247,0
DA:248,0
DA:249,0
DA:253,0
LF:88
LH:67
BRDA:47,0,0,5
BRDA:47,0,1,0
BRDA:49,1,0,5
BRDA:49,1,1,0
BRDA:65,2,0,5
BRDA:65,2,1,11
BRDA:96,3,0,0
BRDA:96,3,1,9
BRDA:126,4,0,1
BRDA:126,4,1,1
BRDA:147,5,0,4
BRDA:147,5,1,0
BRDA:169,6,0,1
BRDA:169,6,1,1
BRDA:169,7,0,2
BRDA:169,7,1,1
BRDA:191,8,0,0
BRDA:191,8,1,0
BRDA:191,9,0,0
BRDA:191,9,1,0
BRDA:215,10,0,2
BRDA:215,10,1,2
BRDA:239,11,0,4
BRDA:239,11,1,0
BRF:24
BRH:15
end_of_record
TN:
SF:src\modules\auth\auth.routes.ts
FNF:0
FNH:0
DA:1,9
DA:3,9
DA:4,9
DA:14,9
DA:17,9
DA:19,9
DA:20,9
DA:22,9
DA:31,9
DA:39,9
DA:49,9
DA:58,9
DA:66,9
DA:75,9
DA:83,9
DA:87,9
DA:91,9
DA:96,9
DA:97,9
DA:98,9
DA:104,9
DA:105,9
DA:106,9
DA:107,9
DA:113,9
DA:117,9
LF:26
LH:26
BRDA:83,0,0,9
BRDA:83,0,1,0
BRDA:83,1,0,9
BRDA:83,1,1,0
BRDA:87,2,0,9
BRDA:87,2,1,0
BRDA:87,3,0,9
BRDA:87,3,1,0
BRDA:91,4,0,9
BRDA:91,4,1,0
BRDA:91,5,0,9
BRDA:91,5,1,0
BRF:12
BRH:6
end_of_record
TN:
SF:src\modules\auth\auth.service.ts
FN:19,(anonymous_1)
FN:35,(anonymous_2)
FN:55,(anonymous_3)
FN:157,(anonymous_4)
FN:183,(anonymous_5)
FN:209,(anonymous_6)
FN:235,(anonymous_7)
FN:247,(anonymous_8)
FN:285,(anonymous_9)
FN:321,(anonymous_10)
FNF:10
FNH:8
FNDA:11,(anonymous_1)
FNDA:10,(anonymous_2)
FNDA:9,(anonymous_3)
FNDA:1,(anonymous_4)
FNDA:4,(anonymous_5)
FNDA:10,(anonymous_6)
FNDA:0,(anonymous_7)
FNDA:1,(anonymous_8)
FNDA:2,(anonymous_9)
FNDA:0,(anonymous_10)
DA:1,9
DA:2,9
DA:4,9
DA:10,9
DA:11,9
DA:13,9
DA:16,9
DA:19,9
DA:20,11
DA:22,11
DA:24,11
DA:29,11
DA:30,1
DA:31,1
DA:32,1
DA:35,10
DA:36,10
DA:55,9
DA:59,9
DA:61,9
DA:72,9
DA:77,9
DA:78,3
DA:79,1
DA:88,3
DA:89,3
DA:90,3
DA:101,6
DA:105,6
DA:106,0
DA:109,0
DA:110,0
DA:114,6
DA:115,0
DA:119,0
DA:120,0
DA:123,0
DA:124,0
DA:128,6
DA:129,6
DA:131,6
DA:149,6
DA:157,9
DA:158,1
DA:162,1
DA:163,0
DA:164,0
DA:165,0
DA:168,1
DA:169,0
DA:170,0
DA:171,0
DA:172,0
DA:175,1
DA:177,1
DA:183,9
DA:188,4
DA:192,4
DA:193,4
DA:205,4
DA:209,9
DA:213,10
DA:214,0
DA:215,0
DA:220,0
DA:228,0
DA:229,0
DA:231,0
DA:235,9
DA:236,0
DA:241,0
DA:243,0
DA:247,9
DA:248,1
DA:249,1
DA:250,1
DA:251,1
DA:254,0
DA:259,0
DA:268,0
DA:269,0
DA:270,0
DA:271,0
DA:274,0
DA:285,9
DA:286,2
DA:291,2
DA:295,0
DA:300,0
DA:301,0
DA:306,0
DA:314,0
DA:315,0
DA:317,0
DA:321,9
DA:325,0
DA:330,0
DA:339,0
DA:340,0
DA:341,0
DA:342,0
DA:345,0
DA:347,0
LF:103
LH:57
BRDA:29,0,0,1
BRDA:29,0,1,10
BRDA:41,1,0,10
BRDA:41,1,1,10
BRDA:42,2,0,10
BRDA:42,2,1,0
BRDA:74,3,0,9
BRDA:74,3,1,2
BRDA:77,4,0,3
BRDA:77,4,1,6
BRDA:77,5,0,9
BRDA:77,5,1,7
BRDA:78,6,0,1
BRDA:78,6,1,2
BRDA:82,7,0,1
BRDA:82,7,1,0
BRDA:83,8,0,1
BRDA:83,8,1,1
BRDA:101,9,0,6
BRDA:101,9,1,0
BRDA:105,10,0,0
BRDA:105,10,1,6
BRDA:114,11,0,0
BRDA:114,11,1,6
BRDA:119,12,0,0
BRDA:119,12,1,0
BRDA:142,13,0,6
BRDA:142,13,1,0
BRDA:143,14,0,6
BRDA:143,14,1,6
BRDA:162,15,0,0
BRDA:162,15,1,1
BRDA:168,16,0,0
BRDA:168,16,1,1
BRDA:192,17,0,4
BRDA:192,17,1,0
BRDA:197,18,0,4
BRDA:197,18,1,0
BRDA:198,19,0,4
BRDA:198,19,1,4
BRDA:213,20,0,10
BRDA:213,20,1,0
BRDA:241,21,0,0
BRDA:241,21,1,0
BRDA:241,22,0,0
BRDA:241,22,1,0
BRDA:248,23,0,1
BRDA:248,23,1,0
BRDA:248,24,0,1
BRDA:248,24,1,1
BRDA:268,25,0,0
BRDA:268,25,1,0
BRDA:291,26,0,2
BRDA:291,26,1,0
BRDA:339,27,0,0
BRDA:339,27,1,0
BRF:56
BRH:33
end_of_record
TN:
SF:src\modules\auth\auth.validation.ts
FN:20,(anonymous_0)
FNF:1
FNH:1
FNDA:1,(anonymous_0)
DA:1,9
DA:3,9
DA:20,1
DA:27,9
DA:42,9
DA:46,9
DA:57,9
LF:7
LH:7
BRF:0
BRH:0
end_of_record
TN:
SF:src\utils\jwt.ts
FN:21,(anonymous_1)
FN:30,(anonymous_2)
FN:40,(anonymous_3)
FNF:3
FNH:3
FNDA:7,(anonymous_1)
FNDA:6,(anonymous_2)
FNDA:1,(anonymous_3)
DA:1,9
DA:4,9
DA:5,9
DA:8,9
DA:9,0
DA:21,9
DA:22,7
DA:30,9
DA:31,6
DA:40,9
DA:41,1
DA:42,1
DA:45,0
LF:13
LH:11
BRDA:8,0,0,0
BRDA:8,0,1,9
BRDA:8,1,0,9
BRDA:8,1,1,9
BRF:4
BRH:3
end_of_record
TN:
SF:src\utils\mailer.ts
FN:36,(anonymous_1)
FN:50,(anonymous_2)
FN:80,(anonymous_3)
FNF:3
FNH:0
FNDA:0,(anonymous_1)
FNDA:0,(anonymous_2)
FNDA:0,(anonymous_3)
DA:1,9
DA:4,9
DA:5,9
DA:6,9
DA:7,9
DA:8,9
DA:10,9
DA:11,0
DA:16,9
DA:36,9
DA:37,0
DA:47,9
DA:50,0
DA:80,0
LF:14
LH:10
BRDA:8,0,0,9
BRDA:8,0,1,9
BRDA:10,1,0,0
BRDA:10,1,1,9
BRDA:10,2,0,9
BRDA:10,2,1,9
BRDA:10,2,2,9
BRDA:10,2,3,9
BRF:8
BRH:7
end_of_record
TN:
SF:src\utils\prisma.ts
FNF:0
FNH:0
DA:1,9
DA:3,9
DA:7,9
DA:11,9
DA:12,9
LF:5
LH:5
BRDA:8,0,0,9
BRDA:8,0,1,9
BRDA:11,1,0,9
BRDA:11,1,1,0
BRF:4
BRH:3
end_of_record
